<?xml version="1.0" encoding="UTF-8"?>
<testng-results ignored="0" total="1" passed="1" failed="0" skipped="0">
  <reporter-output>
    <line>
      <![CDATA[Launching browser...]]>
    </line>
    <line>
      <![CDATA[launchbrowser succssfully]]>
    </line>
    <line>
      <![CDATA[login in.....]]>
    </line>
    <line>
      <![CDATA[validate userId succsesfully]]>
    </line>
    <line>
      <![CDATA[closeApp sucessfully]]>
    </line>
  </reporter-output>
  <suite started-at="2022-08-04T16:09:28 IST" name="Default suite" finished-at="2022-08-04T16:09:42 IST" duration-ms="13950">
    <groups>
    </groups>
    <test started-at="2022-08-04T16:09:28 IST" name="Default test" finished-at="2022-08-04T16:09:42 IST" duration-ms="13950">
      <class name="kiteTestClass.KiteTestClass">
        <test-method is-config="true" signature="launchingBrowser()[pri:0, instance:kiteTestClass.KiteTestClass@4f18837a]" started-at="2022-08-04T16:09:28 IST" name="launchingBrowser" finished-at="2022-08-04T16:09:34 IST" duration-ms="6349" status="PASS">
          <reporter-output>
            <line>
              <![CDATA[Launching browser...]]>
            </line>
            <line>
              <![CDATA[launchbrowser succssfully]]>
            </line>
          </reporter-output>
        </test-method> <!-- launchingBrowser -->
        <test-method is-config="true" signature="loginApp()[pri:0, instance:kiteTestClass.KiteTestClass@4f18837a]" started-at="2022-08-04T16:09:34 IST" name="loginApp" finished-at="2022-08-04T16:09:36 IST" duration-ms="2107" status="PASS">
          <reporter-output>
            <line>
              <![CDATA[login in.....]]>
            </line>
          </reporter-output>
        </test-method> <!-- loginApp -->
        <test-method signature="validateUserID()[pri:0, instance:kiteTestClass.KiteTestClass@4f18837a]" started-at="2022-08-04T16:09:36 IST" name="validateUserID" finished-at="2022-08-04T16:09:40 IST" duration-ms="3571" status="PASS">
          <reporter-output>
            <line>
              <![CDATA[validate userId succsesfully]]>
            </line>
          </reporter-output>
        </test-method> <!-- validateUserID -->
        <test-method is-config="true" signature="closeApp()[pri:0, instance:kiteTestClass.KiteTestClass@4f18837a]" started-at="2022-08-04T16:09:40 IST" name="closeApp" finished-at="2022-08-04T16:09:42 IST" duration-ms="1844" status="PASS">
          <reporter-output>
            <line>
              <![CDATA[closeApp sucessfully]]>
            </line>
          </reporter-output>
        </test-method> <!-- closeApp -->
      </class> <!-- kiteTestClass.KiteTestClass -->
    </test> <!-- Default test -->
  </suite> <!-- Default suite -->
</testng-results>
